0 info it worked if it ends with ok
1 verbose cli [ '/usr/bin/nodejs', '/usr/bin/npm', 'start' ]
2 info using npm@2.15.9
3 info using node@v4.5.0
4 verbose stack Error: Failed to parse json
4 verbose stack Unexpected token '/' at 8:5
4 verbose stack     // "start": "webpack-dev-server --hot --progress --colors",
4 verbose stack     ^
4 verbose stack     at parseError (/usr/lib/node_modules/npm/node_modules/read-package-json/read-json.js:390:11)
4 verbose stack     at parseJson (/usr/lib/node_modules/npm/node_modules/read-package-json/read-json.js:79:23)
4 verbose stack     at /usr/lib/node_modules/npm/node_modules/read-package-json/read-json.js:48:5
4 verbose stack     at /usr/lib/node_modules/npm/node_modules/graceful-fs/graceful-fs.js:78:16
4 verbose stack     at FSReqWrap.readFileAfterClose [as oncomplete] (fs.js:380:3)
5 verbose cwd /home/dbenfouzari/Projects/Front/StadLine/StadLine-Test
6 error Linux 3.13.0-37-generic
7 error argv "/usr/bin/nodejs" "/usr/bin/npm" "start"
8 error node v4.5.0
9 error npm  v2.15.9
10 error file /home/dbenfouzari/Projects/Front/StadLine/StadLine-Test/package.json
11 error code EJSONPARSE
12 error Failed to parse json
12 error Unexpected token '/' at 8:5
12 error     // "start": "webpack-dev-server --hot --progress --colors",
12 error     ^
13 error File: /home/dbenfouzari/Projects/Front/StadLine/StadLine-Test/package.json
14 error Failed to parse package.json data.
14 error package.json must be actual JSON, not just JavaScript.
14 error
14 error This is not a bug in npm.
14 error Tell the package author to fix their package.json file. JSON.parse
15 verbose exit [ 1, true ]
